Diagnose log at 2024-07-20T13:20:39Z

AppPath: /usr/bin/git-credential-manager
InstallDir: /usr/lib/share/git-credential-manager/
Version: 2.5.1+92aa40f78766e3a4d953acbacd2846e8c065ee26

------------
Diagnostic: Environment
Skipped: False
Success: True
Exception: None
Log:
OSType: Linux
OSVersion: Arch Linux
Reading environment variables... OK
 Variables:
WAYLAND_DISPLAY=wayland-0
LANGUAGE=en_US:ru
SYSTEMD_EXEC_PID=790
GIT_TRACE2_PARENT_SID=99be794d-cd51-4cd8-9223-6fcbce3ad3f6
QT_WAYLAND_RECONNECT=1
GTK2_RC_FILES=/etc/gtk-2.0/gtkrc:/home/wardxela/.gtkrc-2.0:/home/wardxela/.config/gtkrc-2.0
LOGNAME=wardxela
QT_AUTO_SCREEN_SCALE_FACTOR=0
MANAGERPID=591
__GLX_VENDOR_LIBRARY_NAME=nvidia
INVOCATION_ID=9b7f15e3c13a497aa1bbaaa5ec8880ad
KDE_APPLICATIONS_AS_SCOPE=1
KDE_SESSION_UID=1000
DEBUGINFOD_URLS=https://debuginfod.archlinux.org 
DESKTOP_SESSION=plasma
ICEAUTHORITY=/run/user/1000/iceauth_xQhhTx
XDG_SESSION_DESKTOP=KDE
MEMORY_PRESSURE_WRITE=c29tZSAyMDAwMDAgMjAwMDAwMAA=
DBUS_SESSION_BUS_ADDRESS=unix:path=/run/user/1000/bus
XDG_VTNR=1
XDG_MENU_PREFIX=plasma-
XDG_SESSION_TYPE=wayland
SESSION_MANAGER=local/archlinux:@/tmp/.ICE-unix/774,unix/archlinux:/tmp/.ICE-unix/774
HOME=/home/wardxela
MOTD_SHOWN=pam
XDG_SESSION_ID=2
XAUTHORITY=/run/user/1000/xauth_ZgcenH
KONSOLE_DBUS_SESSION=/Sessions/1
GTK_RC_FILES=/etc/gtk/gtkrc:/home/wardxela/.gtkrc:/home/wardxela/.config/gtkrc
KONSOLE_DBUS_WINDOW=/Windows/1
XDG_SEAT_PATH=/org/freedesktop/DisplayManager/Seat0
PATH=/usr/local/sbin:/usr/local/bin:/usr/bin:/usr/bin/site_perl:/usr/bin/vendor_perl:/usr/bin/core_perl
LANG=en_US.UTF-8
USER=wardxela
KDE_FULL_SESSION=true
MEMORY_PRESSURE_WATCH=/sys/fs/cgroup/user.slice/user-1000.slice/user@1000.service/session.slice/plasma-plasmashell.service/memory.pressure
XDG_ACTIVATION_TOKEN=kwin-13
MAIL=/var/spool/mail/wardxela
QT_QPA_PLATFORMTHEME=wayland;xcb
TERM=xterm-256color
KONSOLE_DBUS_SERVICE=:1.89
KDE_SESSION_VERSION=6
ENABLE_VKBASALT=1
_tide_color_separator_same_color=[38;2;148;148;148m
SHLVL=2
SHELL=/usr/bin/fish
XDG_CURRENT_DESKTOP=KDE
COLORTERM=truecolor
KONSOLE_VERSION=240502
XDG_DATA_DIRS=/home/wardxela/.local/share/flatpak/exports/share:/var/lib/flatpak/exports/share:/usr/local/share:/usr/share
XDG_SEAT=seat0
JOURNAL_STREAM=9:11477
DISPLAY=:1
SHELL_SESSION_ID=f79ad61e719145a39a3b42fe4d676d5f
LIBVA_DRIVER_NAME=nvidia
PWD=/home/wardxela/Code/obsidian
WINDOWID=3
_tide_location_color=[38;2;95;215;0m
XDG_SESSION_PATH=/org/freedesktop/DisplayManager/Session1
GBM_BACKEND=nvidia-drm
XDG_CONFIG_DIRS=/home/wardxela/.config/kdedefaults:/etc/xdg
WLR_NO_HARDWARE_CURSORS=1
XDG_RUNTIME_DIR=/run/user/1000
XDG_SESSION_CLASS=user
PAM_KWALLET5_LOGIN=/run/user/1000/kwallet5.socket
PROFILEHOME=
COLORFGBG=15;0


------------
Diagnostic: File system
Skipped: False
Success: True
Exception: None
Log:
Temporary directory is '/tmp/'...
Checking basic file I/O...
Writing to temporary file '/tmp/4d0841dbbbed38861e945883'... OK
Reading from temporary file '/tmp/4d0841dbbbed38861e945883'... OK
Deleting temporary file '/tmp/4d0841dbbbed38861e945883'... OK
Testing IFileSystem instance...
UserHomePath: /home/wardxela
UserDataDirectoryPath: /home/wardxela/.gcm
GetCurrentDirectory(): /home/wardxela/Code/obsidian

------------
Diagnostic: Networking
Skipped: False
Success: True
Exception: None
Log:
Checking networking and HTTP stack...
Creating HTTP client... OK
IsNetworkAvailable: True
Sending HEAD request to http://example.com...Sending HEAD request to https://example.com... OK
 OK
Acquiring free TCP port... OK
Testing local HTTP loopback connections...
Creating new HTTP listener for http://localhost:35439/... OK
Waiting for loopback connection... OK
Writing response... OK
Waiting for response data... OK
Loopback connection data OK

------------
Diagnostic: Git
Skipped: False
Success: True
Exception: None
Log:
Getting Git version... OK
Git version is '2.45.2'
Locating current repository...Git repository at '/home/wardxela/Code/obsidian/.git'
 OK
Listing all Git configuration... OK
Git configuration:
file:/home/wardxela/.gitconfig	credential.credentialstore=gpg
file:/home/wardxela/.gitconfig	credential.helper=
file:/home/wardxela/.gitconfig	credential.helper=/usr/bin/git-credential-manager
file:/home/wardxela/.gitconfig	credential.https://dev.azure.com.usehttppath=true
file:.git/config	core.repositoryformatversion=0
file:.git/config	core.filemode=true
file:.git/config	core.bare=false
file:.git/config	core.logallrefupdates=true
file:.git/config	remote.origin.url=https://github.com/wardxela/obsidian
file:.git/config	remote.origin.fetch=+refs/heads/*:refs/remotes/origin/*
file:.git/config	branch.main.remote=origin
file:.git/config	branch.main.merge=refs/heads/main
file:.git/config	user.name=wardxela
file:.git/config	user.email=axelwardweb@gmail.com


------------
Diagnostic: Credential storage
Skipped: False
Success: True
Exception: None
Log:
ICredentialStore instance is of type: CredentialStore
Writing test credential... OK
Reading test credential... OK
Deleting test credential... OK

------------
Diagnostic: Microsoft authentication (AAD/MSA)
Skipped: False
Success: True
Exception: None
Log:
Broker is not enabled.
Flow type is: Auto
Gathering MSAL token cache data... OK
CacheDirectory: /home/wardxela/.local/.IdentityService
CacheFileName: msal.cache
CacheFilePath: /home/wardxela/.local/.IdentityService/msal.cache
KeyringCollection: 
KeyringSchemaName: 
KeyringSecretLabel: 
KeyringAttribute1: (,)
KeyringAttribute2: (,)
Creating cache helper... OK
Verifying MSAL token cache persistence... OK

------------
Diagnostic: GitHub API
Skipped: False
Success: True
Exception: None
Log:
Using 'https://github.com/' as API target.
Querying '/meta' endpoint... OK

